2017-05-29 20:24:21
 
The most popular three articles of all time are: 
"Candidate is jerk, alleges rival" - 338647 views 
"Bears love berries, alleges bear" - 253801 views 
"Bad things gone, say good people" - 170098 views 

The most popular article authors of all time are: 
Ursula La Multa - 507594 views 
Rudolf von Treppenwitz - 423457 views 
Anonymous Contributor - 170098 views 

These days showed more than 1% of request errors: 
July 17, 2016 - 2.3% errors 

 
======
 
2017-05-31 07:50:04
 
The most popular three articles of all time are: 
"Candidate is jerk, alleges rival" - 338647 views 
"Bears love berries, alleges bear" - 253801 views 
"Bad things gone, say good people" - 170098 views 

The most popular article authors of all time are: 
Ursula La Multa - 507594 views 
Rudolf von Treppenwitz - 423457 views 
Anonymous Contributor - 170098 views 

These days showed more than 1% of request errors: 
July 17, 2016 - 2.3% errors 

 
======
 
2017-05-31 07:59:32
 
The most popular three articles of all time are: 
"Candidate is jerk, alleges rival" - 338647 views 
"Bears love berries, alleges bear" - 253801 views 
"Bad things gone, say good people" - 170098 views 

The most popular article authors of all time are: 
Ursula La Multa - 507594 views 
Rudolf von Treppenwitz - 423457 views 
Anonymous Contributor - 170098 views 

These days showed more than 1% of request errors: 
July 17, 2016 - 2.3% errors 

 
======
 
lakjdöfkjasödlfkjasdölkjfj
2017-05-31 08:00:17
 
The most popular three articles of all time are: 
"Candidate is jerk, alleges rival" - 338647 views 
"Bears love berries, alleges bear" - 253801 views 
"Bad things gone, say good people" - 170098 views 

The most popular article authors of all time are: 
Ursula La Multa - 507594 views 
Rudolf von Treppenwitz - 423457 views 
Anonymous Contributor - 170098 views 

These days showed more than 1% of request errors: 
July 17, 2016 - 2.3% errors 

 
======
 
